SF:lib/app/injection.dart
DA:4,6
DA:6,2
DA:7,2
DA:8,2
DA:9,2
DA:10,4
DA:11,4
DA:14,2
DA:15,4
DA:16,4
DA:19,2
DA:20,4
DA:21,4
DA:24,2
DA:25,4
DA:26,4
LF:16
LH:16
end_of_record
SF:lib/app/motel_guide_app.dart
DA:6,1
DA:8,1
DA:10,1
DA:13,1
DA:14,1
LF:5
LH:5
end_of_record
SF:lib/app/core/exceptions/repository_exception.dart
DA:2,1
LF:1
LH:1
end_of_record
SF:lib/app/core/extensions/context_extension.dart
DA:4,32
DA:5,42
DA:6,39
DA:7,12
DA:8,3
DA:9,4
LF:6
LH:6
end_of_record
SF:lib/app/core/extensions/double_extension.dart
DA:4,2
DA:5,2
DA:6,2
DA:9,2
DA:10,4
DA:11,2
LF:6
LH:6
end_of_record
SF:lib/app/core/rest/http_rest_client.dart
DA:9,2
DA:11,6
DA:12,2
DA:15,1
DA:20,2
DA:21,1
DA:22,1
DA:23,1
DA:25,1
DA:28,1
DA:33,2
DA:34,1
DA:35,1
DA:36,1
DA:38,1
DA:41,1
DA:43,3
DA:44,1
DA:47,2
DA:48,8
DA:49,2
DA:50,1
DA:52,2
DA:53,4
DA:54,4
LF:25
LH:25
end_of_record
SF:lib/app/core/ui/theme/theme_config.dart
DA:5,6
LF:1
LH:1
end_of_record
SF:lib/app/features/home/data/datasource/remote/home_remote_datasource_impl.dart
DA:4,3
DA:8,2
DA:11,4
DA:12,1
LF:4
LH:4
end_of_record
SF:lib/app/features/home/data/model/motel/category_item_model.dart
DA:13,4
DA:15,2
DA:16,2
DA:18,4
DA:19,2
DA:20,2
LF:6
LH:6
end_of_record
SF:lib/app/features/home/data/model/motel/category_item_model.g.dart
DA:9,2
DA:11,2
DA:12,2
DA:13,2
DA:16,1
DA:18,1
DA:19,1
DA:20,1
LF:8
LH:8
end_of_record
SF:lib/app/features/home/data/model/motel/discount_model.dart
DA:12,5
DA:14,3
DA:15,3
DA:17,6
DA:18,3
LF:5
LH:5
end_of_record
SF:lib/app/features/home/data/model/motel/discount_model.g.dart
DA:9,3
DA:10,3
DA:11,6
DA:14,1
DA:15,1
DA:16,1
LF:6
LH:6
end_of_record
SF:lib/app/features/home/data/model/motel/item_model.dart
DA:12,4
DA:14,2
DA:15,2
DA:17,6
LF:4
LH:4
end_of_record
SF:lib/app/features/home/data/model/motel/item_model.g.dart
DA:9,2
DA:10,2
DA:11,2
DA:14,1
DA:15,1
DA:16,1
LF:6
LH:6
end_of_record
SF:lib/app/features/home/data/model/motel/motel_data_model.dart
DA:18,4
DA:20,4
DA:21,4
DA:23,4
DA:24,2
DA:25,2
DA:26,2
DA:27,2
DA:28,2
DA:29,2
DA:30,8
LF:11
LH:11
end_of_record
SF:lib/app/features/home/data/model/motel/motel_data_model.g.dart
DA:9,4
DA:10,4
DA:11,8
DA:12,8
DA:13,8
DA:14,8
DA:15,8
DA:16,8
DA:17,4
DA:18,6
DA:19,4
DA:22,1
DA:24,1
DA:25,1
DA:26,1
DA:27,1
DA:28,1
DA:29,1
DA:30,1
DA:31,1
LF:20
LH:20
end_of_record
SF:lib/app/features/home/data/model/motel/motel_model.dart
DA:19,3
DA:21,2
DA:22,2
DA:24,4
DA:25,2
DA:26,2
DA:27,2
DA:28,2
DA:29,2
DA:30,6
DA:31,2
DA:32,2
LF:12
LH:12
end_of_record
SF:lib/app/features/home/data/model/motel/motel_model.g.dart
DA:9,2
DA:10,2
DA:11,2
DA:12,2
DA:13,2
DA:14,4
DA:15,4
DA:16,2
DA:17,2
DA:18,2
DA:19,4
DA:20,4
DA:23,1
DA:24,1
DA:25,1
DA:26,1
DA:27,1
DA:28,1
DA:29,1
DA:30,1
DA:31,1
DA:32,1
LF:22
LH:22
end_of_record
SF:lib/app/features/home/data/model/motel/motel_response_model.dart
DA:14,3
DA:16,3
DA:17,3
LF:3
LH:3
end_of_record
SF:lib/app/features/home/data/model/motel/motel_response_model.g.dart
DA:9,3
DA:11,3
DA:12,3
DA:13,6
DA:15,12
DA:18,1
DA:20,1
DA:21,1
DA:22,1
DA:23,1
LF:10
LH:10
end_of_record
SF:lib/app/features/home/data/model/motel/period_model.dart
DA:17,3
DA:19,2
DA:20,2
DA:22,4
DA:23,2
DA:24,2
DA:25,2
DA:26,2
DA:27,2
DA:28,4
LF:10
LH:10
end_of_record
SF:lib/app/features/home/data/model/motel/period_model.g.dart
DA:9,2
DA:10,2
DA:11,2
DA:12,2
DA:13,4
DA:14,4
DA:15,2
DA:16,2
DA:18,4
DA:21,1
DA:22,1
DA:23,1
DA:24,1
DA:25,1
DA:26,1
DA:27,1
DA:28,1
LF:17
LH:17
end_of_record
SF:lib/app/features/home/data/model/motel/suite_model.dart
DA:19,2
DA:21,1
DA:22,1
DA:24,2
DA:25,1
DA:26,1
DA:27,1
DA:28,1
DA:29,5
DA:31,5
DA:32,5
LF:11
LH:11
end_of_record
SF:lib/app/features/home/data/model/motel/suite_model.g.dart
DA:9,1
DA:10,1
DA:11,1
DA:12,2
DA:13,1
DA:14,4
DA:15,1
DA:16,3
DA:17,1
DA:18,1
DA:19,3
DA:20,1
DA:21,1
DA:22,3
DA:23,1
DA:26,1
DA:27,1
DA:28,1
DA:29,1
DA:30,1
DA:31,1
DA:32,1
DA:33,1
DA:34,1
LF:24
LH:24
end_of_record
SF:lib/app/features/home/data/repository/home_repository_impl.dart
DA:7,3
DA:11,2
DA:14,4
DA:15,3
DA:16,2
DA:17,3
DA:18,1
DA:19,0
DA:20,1
DA:21,3
LF:10
LH:9
end_of_record
SF:lib/app/features/home/domain/entity/motel_entities/category_item.dart
DA:2,6
LF:1
LH:1
end_of_record
SF:lib/app/features/home/domain/entity/motel_entities/discount.dart
DA:2,6
LF:1
LH:1
end_of_record
SF:lib/app/features/home/domain/entity/motel_entities/item.dart
DA:2,4
LF:1
LH:1
end_of_record
SF:lib/app/features/home/domain/entity/motel_entities/motel.dart
DA:4,5
LF:1
LH:1
end_of_record
SF:lib/app/features/home/domain/entity/motel_entities/motel_data.dart
DA:4,7
LF:1
LH:1
end_of_record
SF:lib/app/features/home/domain/entity/motel_entities/period.dart
DA:4,5
LF:1
LH:1
end_of_record
SF:lib/app/features/home/domain/entity/motel_entities/suite.dart
DA:4,7
LF:1
LH:1
end_of_record
SF:lib/app/features/home/domain/usecase/fetch_motels_usecase.dart
DA:9,3
DA:13,2
DA:15,4
LF:3
LH:3
end_of_record
SF:lib/app/features/home/presentation/view/go_later/go_later_page.dart
DA:4,54
DA:6,2
LF:2
LH:2
end_of_record
SF:lib/app/features/home/presentation/view/go_now/go_now_cubit.dart
DA:5,3
DA:7,3
DA:11,2
DA:12,2
DA:13,4
DA:15,2
DA:16,4
DA:22,3
LF:8
LH:8
end_of_record
SF:lib/app/features/home/presentation/view/go_now/go_now_page.dart
DA:6,53
DA:8,1
DA:9,1
DA:14,1
DA:16,1
DA:17,2
DA:20,1
DA:22,1
DA:23,2
DA:24,1
DA:25,2
DA:26,1
DA:27,1
DA:30,1
DA:31,1
DA:32,1
DA:33,1
DA:34,0
DA:35,0
DA:38,3
DA:39,1
LF:21
LH:19
end_of_record
SF:lib/app/features/home/presentation/view/go_now/image_view/multi_image_view_page.dart
DA:7,1
DA:13,1
DA:15,1
DA:16,1
DA:17,3
DA:19,1
DA:24,1
DA:27,1
DA:28,3
DA:29,1
DA:30,3
DA:31,1
DA:34,1
DA:36,1
LF:14
LH:14
end_of_record
SF:lib/app/features/home/presentation/view/go_now/widgets/category_item_row.dart
DA:6,4
DA:12,3
DA:14,9
DA:15,3
DA:16,3
DA:19,3
DA:20,3
DA:23,3
DA:24,3
DA:25,3
DA:26,4
DA:27,2
DA:28,4
DA:29,2
DA:31,2
DA:32,2
DA:37,3
DA:39,3
DA:41,3
DA:43,6
DA:44,9
DA:48,3
DA:51,6
LF:23
LH:23
end_of_record
SF:lib/app/features/home/presentation/view/go_now/widgets/filter_row.dart
DA:5,53
DA:7,1
DA:8,1
DA:12,1
DA:14,1
DA:15,1
DA:16,1
DA:19,2
DA:21,1
DA:23,1
DA:27,2
LF:11
LH:11
end_of_record
SF:lib/app/features/home/presentation/view/go_now/widgets/go_now_page_loader.dart
DA:5,54
DA:7,2
DA:9,2
DA:10,2
DA:11,2
DA:13,2
DA:14,2
DA:15,2
DA:17,2
DA:20,2
LF:10
LH:10
end_of_record
SF:lib/app/features/home/presentation/view/go_now/widgets/motel_item.dart
DA:6,1
DA:9,1
DA:10,6
DA:12,1
DA:14,1
DA:16,1
DA:17,1
DA:24,1
DA:26,1
DA:27,1
DA:29,1
DA:30,1
DA:32,1
DA:33,3
DA:38,1
DA:39,1
DA:41,1
DA:42,1
DA:43,2
DA:44,2
DA:46,1
DA:47,1
DA:48,3
DA:49,2
DA:55,1
DA:56,2
DA:57,1
DA:58,1
DA:60,2
DA:67,1
DA:69,1
DA:70,1
DA:71,3
DA:72,1
DA:73,3
DA:74,1
LF:36
LH:36
end_of_record
SF:lib/app/features/home/presentation/view/go_now/widgets/suite_pageview_item.dart
DA:7,2
DA:13,2
DA:15,2
DA:17,2
DA:19,2
DA:20,2
DA:22,2
DA:23,2
DA:24,0
DA:26,0
DA:28,2
DA:29,2
DA:30,2
DA:31,6
DA:32,2
DA:33,6
DA:42,2
DA:43,4
DA:44,6
DA:45,4
DA:51,6
DA:52,2
DA:54,4
DA:55,2
DA:56,2
DA:59,1
DA:60,1
DA:61,1
DA:62,1
DA:64,1
DA:65,1
DA:66,1
DA:67,3
DA:69,2
DA:72,1
DA:73,2
DA:74,3
DA:76,2
DA:82,1
DA:85,2
DA:91,2
LF:41
LH:39
end_of_record
SF:lib/app/features/home/presentation/view/home/home_page.dart
DA:6,4
DA:14,4
DA:15,4
DA:19,4
DA:21,4
DA:26,4
DA:28,4
DA:29,4
DA:30,4
DA:31,8
DA:32,8
DA:34,4
DA:35,0
DA:36,8
DA:38,4
DA:39,4
DA:40,0
DA:44,4
DA:45,0
DA:46,0
DA:55,4
DA:56,8
LF:22
LH:18
end_of_record
SF:lib/app/features/home/presentation/view/home/widget/app_drawer.dart
DA:6,53
DA:8,0
DA:10,0
DA:12,0
DA:14,0
DA:15,0
DA:16,0
DA:17,0
DA:18,0
DA:20,0
DA:22,0
DA:23,0
DA:24,0
DA:25,0
DA:26,0
DA:30,0
DA:33,0
DA:34,0
DA:36,0
DA:37,0
DA:39,0
DA:41,0
DA:42,0
DA:44,0
DA:45,0
DA:48,0
DA:50,0
DA:52,0
DA:54,0
DA:56,0
DA:62,0
DA:64,0
DA:65,0
LF:33
LH:1
end_of_record
SF:lib/app/features/home/presentation/view/home/widget/app_segmented_button.dart
DA:5,5
DA:13,5
DA:14,5
DA:19,4
DA:21,5
DA:23,5
DA:24,5
DA:25,15
DA:26,5
DA:27,5
DA:28,5
DA:30,5
DA:31,10
DA:32,5
DA:35,5
DA:36,5
DA:37,5
DA:40,5
DA:43,5
DA:45,5
DA:49,5
DA:51,5
DA:52,5
DA:54,5
DA:55,5
DA:56,5
DA:59,5
DA:60,1
DA:61,1
DA:62,3
DA:65,5
DA:68,5
DA:69,1
DA:70,1
DA:71,3
DA:85,5
DA:96,5
DA:98,5
DA:99,5
DA:100,5
DA:101,5
DA:103,5
DA:104,5
DA:105,5
DA:107,15
DA:110,5
DA:111,5
DA:112,5
DA:113,15
DA:114,15
LF:50
LH:50
end_of_record
SF:lib/app/features/home/presentation/view/home/widget/drawer_option_button.dart
DA:6,57
DA:16,2
DA:18,2
DA:19,2
DA:20,1
DA:21,1
DA:22,1
DA:24,2
DA:25,6
DA:26,2
DA:28,2
DA:30,2
DA:31,4
DA:32,2
DA:33,2
DA:34,2
DA:35,4
LF:17
LH:17
end_of_record
SF:lib/app/features/home/presentation/view/home/widget/map_f_a_b.dart
DA:5,5
DA:11,5
DA:13,5
DA:14,5
DA:15,5
DA:16,5
DA:17,5
DA:18,5
DA:25,5
DA:26,5
DA:29,5
DA:30,10
LF:12
LH:12
end_of_record
SF:lib/app/features/home/presentation/view/home/widget/my_location_button.dart
DA:5,54
DA:7,5
DA:9,5
DA:10,5
DA:11,5
DA:12,5
DA:13,2
DA:14,5
DA:15,5
DA:17,5
DA:18,5
DA:20,10
DA:21,15
DA:23,5
DA:25,10
LF:15
LH:15
end_of_record
SF:lib/app/features/home/presentation/view/splash/splash_page.dart
DA:6,54
DA:8,2
DA:9,2
DA:13,2
DA:14,4
DA:15,2
DA:16,4
DA:20,2
DA:22,2
DA:23,2
DA:26,2
DA:28,2
DA:30,2
DA:31,2
DA:33,2
DA:34,2
LF:16
LH:16
end_of_record
SF:lib/app/routes/app_routes.dart
DA:10,2
DA:11,2
DA:13,2
DA:14,2
DA:16,1
DA:18,2
DA:20,0
DA:21,0
DA:24,2
DA:25,4
DA:29,2
DA:30,2
DA:32,1
DA:34,2
DA:36,1
LF:15
LH:13
end_of_record
SF:lib/app/widgets/button/select_button.dart
DA:5,54
DA:16,2
DA:17,2
DA:23,2
DA:25,2
DA:26,6
DA:29,0
DA:31,0
DA:32,0
DA:33,0
DA:37,1
DA:38,4
DA:39,4
DA:42,2
DA:44,2
DA:45,2
DA:46,2
DA:50,2
DA:51,2
DA:52,2
DA:53,4
DA:54,2
DA:55,2
DA:56,2
DA:58,4
DA:61,2
DA:62,4
DA:63,6
DA:64,2
DA:65,2
DA:66,4
LF:31
LH:27
end_of_record
SF:lib/app/widgets/card/app_card.dart
DA:5,57
DA:19,6
DA:21,6
DA:22,6
DA:23,6
DA:24,6
DA:25,12
DA:26,6
DA:27,6
DA:28,6
DA:29,6
DA:35,6
LF:12
LH:12
end_of_record
SF:lib/app/widgets/container/dashed_border_container.dart
DA:5,7
DA:19,7
DA:21,7
DA:22,7
DA:23,7
DA:24,7
DA:25,7
DA:26,7
DA:28,7
DA:30,7
DA:37,7
DA:48,7
DA:50,7
DA:51,14
DA:52,14
DA:53,7
DA:56,14
DA:57,7
DA:58,14
DA:59,28
DA:62,28
DA:66,0
LF:22
LH:21
end_of_record
SF:lib/app/widgets/shimmer/app_shimmer.dart
DA:6,56
DA:23,3
DA:25,3
DA:26,3
DA:27,3
DA:28,3
DA:29,3
DA:30,3
DA:31,3
DA:32,3
DA:34,3
LF:11
LH:11
end_of_record
SF:lib/app/widgets/snackbar/app_snackbar.dart
DA:5,4
DA:9,8
DA:10,8
DA:11,4
DA:14,4
DA:25,3
DA:26,3
LF:7
LH:7
end_of_record
SF:lib/app/widgets/snackbar/snackbar_content.dart
DA:5,4
DA:19,4
DA:21,4
DA:22,4
DA:23,4
DA:24,4
DA:25,4
DA:27,4
DA:30,8
DA:33,4
DA:34,4
DA:37,8
DA:42,4
DA:47,4
DA:49,4
DA:50,4
DA:51,4
DA:52,4
DA:56,4
DA:57,4
DA:58,4
DA:59,8
DA:60,12
LF:23
LH:23
end_of_record
